info: ::ffff:127.0.0.1 - - [01/Feb/2022:09:11:39 +0000] "POST /api/v1/ HTTP/1.1" 404 47 "-" "Thunder Client (https://www.thunderclient.io)"

info: ::ffff:127.0.0.1 - - [01/Feb/2022:09:11:47 +0000] "POST /api/v1/user HTTP/1.1" 404 47 "-" "Thunder Client (https://www.thunderclient.io)"

info: ::ffff:127.0.0.1 - - [01/Feb/2022:09:12:18 +0000] "POST /api/v1/users HTTP/1.1" 500 51 "-" "Thunder Client (https://www.thunderclient.io)"

info: ::ffff:127.0.0.1 - - [01/Feb/2022:09:12:48 +0000] "POST /api/v1/users HTTP/1.1" 500 51 "-" "Thunder Client (https://www.thunderclient.io)"

info: ::ffff:127.0.0.1 - - [01/Feb/2022:09:13:44 +0000] "POST /api/v1/users HTTP/1.1" 500 71 "-" "Thunder Client (https://www.thunderclient.io)"

info: ::ffff:127.0.0.1 - - [01/Feb/2022:09:14:23 +0000] "POST /api/v1/users HTTP/1.1" 500 56 "-" "Thunder Client (https://www.thunderclient.io)"

info: ::1 - - [01/Feb/2022:09:17:07 +0000] "GET /api/v1/users?name=adhira&image HTTP/1.1" 200 65 "-" "PostmanRuntime/7.28.4"

info: ::1 - - [01/Feb/2022:09:17:17 +0000] "POST /api/v1/users?name=adhira&image HTTP/1.1" 500 56 "-" "PostmanRuntime/7.28.4"

info: ::1 - - [01/Feb/2022:09:19:47 +0000] "POST /api/v1/users?name=adhira&image HTTP/1.1" 201 194 "-" "PostmanRuntime/7.28.4"

info: ::1 - - [01/Feb/2022:09:20:17 +0000] "POST /api/v1/users?name=adhira&image HTTP/1.1" 201 194 "-" "PostmanRuntime/7.28.4"

info: ::1 - - [01/Feb/2022:09:21:21 +0000] "GET / HTTP/1.1" 404 47 "https://medium.com/@svibhuti22/file-upload-with-multer-in-node-js-and-express-5bc76073419f" "Mozilla/5.0 (X11; Linux x86_64) AppleWebKit/537.36 (KHTML, like Gecko) Chrome/92.0.4515.107 Safari/537.36"

info: ::1 - - [01/Feb/2022:09:21:22 +0000] "GET /favicon.ico HTTP/1.1" 404 47 "-" "Mozilla/5.0 (X11; Linux x86_64) AppleWebKit/537.36 (KHTML, like Gecko) Chrome/92.0.4515.107 Safari/537.36"

info: ::1 - - [01/Feb/2022:09:36:15 +0000] "POST /api/v1/users?name=adhira&image HTTP/1.1" 500 54 "-" "PostmanRuntime/7.28.4"

info: ::1 - - [01/Feb/2022:09:36:54 +0000] "POST /api/v1/users?name=adhira&image HTTP/1.1" 500 54 "-" "PostmanRuntime/7.28.4"

info: ::1 - - [01/Feb/2022:09:37:32 +0000] "POST /api/v1/users?name=adhira&image HTTP/1.1" 500 54 "-" "PostmanRuntime/7.28.4"

info: ::1 - - [01/Feb/2022:09:37:34 +0000] "POST /api/v1/users?name=adhira&image HTTP/1.1" 500 54 "-" "PostmanRuntime/7.28.4"

info: ::1 - - [01/Feb/2022:09:37:52 +0000] "POST /api/v1/users?name=adhira&image HTTP/1.1" 500 54 "-" "PostmanRuntime/7.28.4"

info: ::1 - - [01/Feb/2022:09:38:51 +0000] "POST /api/v1/users?name=adhira&image HTTP/1.1" 500 54 "-" "PostmanRuntime/7.28.4"

info: ::1 - - [01/Feb/2022:09:38:52 +0000] "POST /api/v1/users?name=adhira&image HTTP/1.1" 500 54 "-" "PostmanRuntime/7.28.4"

info: ::1 - - [01/Feb/2022:09:39:16 +0000] "POST /api/v1/users?name=adhira&image HTTP/1.1" 201 178 "-" "PostmanRuntime/7.28.4"

info: ::1 - - [01/Feb/2022:09:43:54 +0000] "POST /api/v1/users?name=adhira&image HTTP/1.1" 500 477 "-" "PostmanRuntime/7.28.4"

info: ::1 - - [01/Feb/2022:09:46:34 +0000] "POST /api/v1/users?name=adhira&image HTTP/1.1" 201 194 "-" "PostmanRuntime/7.28.4"

info: ::1 - - [01/Feb/2022:09:49:22 +0000] "POST /api/v1/users?name=adhira&image HTTP/1.1" 201 194 "-" "PostmanRuntime/7.28.4"

info: ::1 - - [01/Feb/2022:09:49:24 +0000] "POST /api/v1/users?name=adhira&image HTTP/1.1" 201 194 "-" "PostmanRuntime/7.28.4"

info: ::1 - - [01/Feb/2022:09:55:27 +0000] "POST /api/v1/users?name=adhira&image HTTP/1.1" 201 194 "-" "PostmanRuntime/7.28.4"

info: ::1 - - [01/Feb/2022:09:57:21 +0000] "POST /api/v1/users?name=adhira&image HTTP/1.1" 201 194 "-" "PostmanRuntime/7.28.4"

info: ::1 - - [01/Feb/2022:09:57:47 +0000] "POST /api/v1/users?name=adhira&image HTTP/1.1" 201 194 "-" "PostmanRuntime/7.28.4"

info: ::1 - - [01/Feb/2022:09:59:08 +0000] "POST /api/v1/users?name=adhira&image HTTP/1.1" 201 194 "-" "PostmanRuntime/7.28.4"

info: ::1 - - [01/Feb/2022:10:07:50 +0000] "POST /api/v1/users?name=adhira&image HTTP/1.1" 500 123 "-" "PostmanRuntime/7.28.4"

info: ::1 - - [01/Feb/2022:10:08:45 +0000] "POST /api/v1/users?name=adhira&image HTTP/1.1" 500 123 "-" "PostmanRuntime/7.28.4"

info: ::1 - - [01/Feb/2022:10:10:57 +0000] "POST /api/v1/users?name=adhira&image HTTP/1.1" 500 124 "-" "PostmanRuntime/7.28.4"

info: ::1 - - [01/Feb/2022:10:11:12 +0000] "POST /api/v1/users?name=adhira&image HTTP/1.1" 500 124 "-" "PostmanRuntime/7.28.4"

info: ::1 - - [01/Feb/2022:10:16:02 +0000] "POST /api/v1/users?name=adhira&image HTTP/1.1" 500 102 "-" "PostmanRuntime/7.28.4"

info: ::1 - - [01/Feb/2022:10:16:37 +0000] "POST /api/v1/users?name=adhira&image HTTP/1.1" 500 129 "-" "PostmanRuntime/7.28.4"

error: uncaughtException: The "path" argument must be of type string. Received an instance of Object
TypeError [ERR_INVALID_ARG_TYPE]: The "path" argument must be of type string. Received an instance of Object
    at validateString (internal/validators.js:124:11)
    at Object.join (path.js:1148:7)
    at cb (/home/smita/awesome-project/node_modules/multer/storage/disk.js:37:28)
    at DiskStorage.filename [as getFilename] (/home/smita/awesome-project/src/routes/user.route.js:14:9)
    at cb (/home/smita/awesome-project/node_modules/multer/storage/disk.js:34:10)
    at DiskStorage.destination [as getDestination] (/home/smita/awesome-project/src/routes/user.route.js:11:9)
    at DiskStorage._handleFile (/home/smita/awesome-project/node_modules/multer/storage/disk.js:31:8)
    at /home/smita/awesome-project/node_modules/multer/lib/make-middleware.js:145:17
    at allowAll (/home/smita/awesome-project/node_modules/multer/index.js:8:3)
    at wrappedFileFilter (/home/smita/awesome-project/node_modules/multer/index.js:44:7) {"date":"Tue Feb 01 2022 15:47:52 GMT+0530 (India Standard Time)","error":{"code":"ERR_INVALID_ARG_TYPE"},"exception":true,"os":{"loadavg":[2.21,2.81,2.59],"uptime":28286.24},"process":{"argv":["node","/home/smita/awesome-project/src/index.js"],"cwd":"/home/smita/awesome-project","execPath":"/usr/bin/node","gid":1000,"memoryUsage":{"arrayBuffers":18832919,"external":21005565,"heapTotal":80089088,"heapUsed":48932648,"rss":128659456},"pid":17532,"uid":1000,"version":"v14.17.2"},"stack":"TypeError [ERR_INVALID_ARG_TYPE]: The \"path\" argument must be of type string. Received an instance of Object\n    at validateString (internal/validators.js:124:11)\n    at Object.join (path.js:1148:7)\n    at cb (/home/smita/awesome-project/node_modules/multer/storage/disk.js:37:28)\n    at DiskStorage.filename [as getFilename] (/home/smita/awesome-project/src/routes/user.route.js:14:9)\n    at cb (/home/smita/awesome-project/node_modules/multer/storage/disk.js:34:10)\n    at DiskStorage.destination [as getDestination] (/home/smita/awesome-project/src/routes/user.route.js:11:9)\n    at DiskStorage._handleFile (/home/smita/awesome-project/node_modules/multer/storage/disk.js:31:8)\n    at /home/smita/awesome-project/node_modules/multer/lib/make-middleware.js:145:17\n    at allowAll (/home/smita/awesome-project/node_modules/multer/index.js:8:3)\n    at wrappedFileFilter (/home/smita/awesome-project/node_modules/multer/index.js:44:7)","trace":[{"column":11,"file":"internal/validators.js","function":"validateString","line":124,"method":null,"native":false},{"column":7,"file":"path.js","function":"Object.join","line":1148,"method":"join","native":false},{"column":28,"file":"/home/smita/awesome-project/node_modules/multer/storage/disk.js","function":"cb","line":37,"method":null,"native":false},{"column":9,"file":"/home/smita/awesome-project/src/routes/user.route.js","function":"DiskStorage.filename [as getFilename]","line":14,"method":"filename [as getFilename]","native":false},{"column":10,"file":"/home/smita/awesome-project/node_modules/multer/storage/disk.js","function":"cb","line":34,"method":null,"native":false},{"column":9,"file":"/home/smita/awesome-project/src/routes/user.route.js","function":"DiskStorage.destination [as getDestination]","line":11,"method":"destination [as getDestination]","native":false},{"column":8,"file":"/home/smita/awesome-project/node_modules/multer/storage/disk.js","function":"DiskStorage._handleFile","line":31,"method":"_handleFile","native":false},{"column":17,"file":"/home/smita/awesome-project/node_modules/multer/lib/make-middleware.js","function":null,"line":145,"method":null,"native":false},{"column":3,"file":"/home/smita/awesome-project/node_modules/multer/index.js","function":"allowAll","line":8,"method":null,"native":false},{"column":7,"file":"/home/smita/awesome-project/node_modules/multer/index.js","function":"wrappedFileFilter","line":44,"method":null,"native":false}]}
error: uncaughtException: The "path" argument must be of type string. Received undefined
TypeError [ERR_INVALID_ARG_TYPE]: The "path" argument must be of type string. Received undefined
    at validateString (internal/validators.js:124:11)
    at Object.join (path.js:1148:7)
    at cb (/home/smita/awesome-project/node_modules/multer/storage/disk.js:37:28)
    at DiskStorage.filename [as getFilename] (/home/smita/awesome-project/src/routes/user.route.js:14:9)
    at cb (/home/smita/awesome-project/node_modules/multer/storage/disk.js:34:10)
    at DiskStorage.destination [as getDestination] (/home/smita/awesome-project/src/routes/user.route.js:11:9)
    at DiskStorage._handleFile (/home/smita/awesome-project/node_modules/multer/storage/disk.js:31:8)
    at /home/smita/awesome-project/node_modules/multer/lib/make-middleware.js:145:17
    at allowAll (/home/smita/awesome-project/node_modules/multer/index.js:8:3)
    at wrappedFileFilter (/home/smita/awesome-project/node_modules/multer/index.js:44:7) {"date":"Tue Feb 01 2022 15:48:23 GMT+0530 (India Standard Time)","error":{"code":"ERR_INVALID_ARG_TYPE"},"exception":true,"os":{"loadavg":[3.02,2.94,2.64],"uptime":28317.89},"process":{"argv":["node","/home/smita/awesome-project/src/index.js"],"cwd":"/home/smita/awesome-project","execPath":"/usr/bin/node","gid":1000,"memoryUsage":{"arrayBuffers":18899286,"external":21071932,"heapTotal":78778368,"heapUsed":48963216,"rss":127168512},"pid":17658,"uid":1000,"version":"v14.17.2"},"stack":"TypeError [ERR_INVALID_ARG_TYPE]: The \"path\" argument must be of type string. Received undefined\n    at validateString (internal/validators.js:124:11)\n    at Object.join (path.js:1148:7)\n    at cb (/home/smita/awesome-project/node_modules/multer/storage/disk.js:37:28)\n    at DiskStorage.filename [as getFilename] (/home/smita/awesome-project/src/routes/user.route.js:14:9)\n    at cb (/home/smita/awesome-project/node_modules/multer/storage/disk.js:34:10)\n    at DiskStorage.destination [as getDestination] (/home/smita/awesome-project/src/routes/user.route.js:11:9)\n    at DiskStorage._handleFile (/home/smita/awesome-project/node_modules/multer/storage/disk.js:31:8)\n    at /home/smita/awesome-project/node_modules/multer/lib/make-middleware.js:145:17\n    at allowAll (/home/smita/awesome-project/node_modules/multer/index.js:8:3)\n    at wrappedFileFilter (/home/smita/awesome-project/node_modules/multer/index.js:44:7)","trace":[{"column":11,"file":"internal/validators.js","function":"validateString","line":124,"method":null,"native":false},{"column":7,"file":"path.js","function":"Object.join","line":1148,"method":"join","native":false},{"column":28,"file":"/home/smita/awesome-project/node_modules/multer/storage/disk.js","function":"cb","line":37,"method":null,"native":false},{"column":9,"file":"/home/smita/awesome-project/src/routes/user.route.js","function":"DiskStorage.filename [as getFilename]","line":14,"method":"filename [as getFilename]","native":false},{"column":10,"file":"/home/smita/awesome-project/node_modules/multer/storage/disk.js","function":"cb","line":34,"method":null,"native":false},{"column":9,"file":"/home/smita/awesome-project/src/routes/user.route.js","function":"DiskStorage.destination [as getDestination]","line":11,"method":"destination [as getDestination]","native":false},{"column":8,"file":"/home/smita/awesome-project/node_modules/multer/storage/disk.js","function":"DiskStorage._handleFile","line":31,"method":"_handleFile","native":false},{"column":17,"file":"/home/smita/awesome-project/node_modules/multer/lib/make-middleware.js","function":null,"line":145,"method":null,"native":false},{"column":3,"file":"/home/smita/awesome-project/node_modules/multer/index.js","function":"allowAll","line":8,"method":null,"native":false},{"column":7,"file":"/home/smita/awesome-project/node_modules/multer/index.js","function":"wrappedFileFilter","line":44,"method":null,"native":false}]}
info: ::1 - - [01/Feb/2022:10:18:51 +0000] "POST /api/v1/users?name=adhira&image HTTP/1.1" 500 129 "-" "PostmanRuntime/7.28.4"

info: ::1 - - [01/Feb/2022:10:20:29 +0000] "POST /api/v1/users?name=adhira&image HTTP/1.1" 500 132 "-" "PostmanRuntime/7.28.4"

info: ::1 - - [01/Feb/2022:10:21:58 +0000] "POST /api/v1/users?name=adhira&image HTTP/1.1" 201 312 "-" "PostmanRuntime/7.28.4"

info: ::1 - - [01/Feb/2022:10:23:40 +0000] "POST /api/v1/users?name=adhira&image HTTP/1.1" 500 153 "-" "PostmanRuntime/7.28.4"

error: uncaughtException: uploads is not defined
ReferenceError: uploads is not defined
    at Object.<anonymous> (/home/smita/awesome-project/src/index.js:27:24)
    at Module._compile (internal/modules/cjs/loader.js:1085:14)
    at Module._compile (/home/smita/awesome-project/node_modules/pirates/lib/index.js:136:24)
    at Module._extensions..js (internal/modules/cjs/loader.js:1114:10)
    at Object.newLoader [as .js] (/home/smita/awesome-project/node_modules/pirates/lib/index.js:141:7)
    at Module.load (internal/modules/cjs/loader.js:950:32)
    at Function.Module._load (internal/modules/cjs/loader.js:790:14)
    at Function.executeUserEntryPoint [as runMain] (internal/modules/run_main.js:76:12)
    at Object.<anonymous> (/home/smita/awesome-project/node_modules/@babel/node/lib/_babel-node.js:176:21)
    at Module._compile (internal/modules/cjs/loader.js:1085:14) {"date":"Tue Feb 01 2022 15:55:07 GMT+0530 (India Standard Time)","error":{},"exception":true,"os":{"loadavg":[3.07,2.97,2.75],"uptime":28721.3},"process":{"argv":["node","/home/smita/awesome-project/src/index.js"],"cwd":"/home/smita/awesome-project","execPath":"/usr/bin/node","gid":1000,"memoryUsage":{"arrayBuffers":19076201,"external":21230247,"heapTotal":80613376,"heapUsed":52871952,"rss":127279104},"pid":18132,"uid":1000,"version":"v14.17.2"},"stack":"ReferenceError: uploads is not defined\n    at Object.<anonymous> (/home/smita/awesome-project/src/index.js:27:24)\n    at Module._compile (internal/modules/cjs/loader.js:1085:14)\n    at Module._compile (/home/smita/awesome-project/node_modules/pirates/lib/index.js:136:24)\n    at Module._extensions..js (internal/modules/cjs/loader.js:1114:10)\n    at Object.newLoader [as .js] (/home/smita/awesome-project/node_modules/pirates/lib/index.js:141:7)\n    at Module.load (internal/modules/cjs/loader.js:950:32)\n    at Function.Module._load (internal/modules/cjs/loader.js:790:14)\n    at Function.executeUserEntryPoint [as runMain] (internal/modules/run_main.js:76:12)\n    at Object.<anonymous> (/home/smita/awesome-project/node_modules/@babel/node/lib/_babel-node.js:176:21)\n    at Module._compile (internal/modules/cjs/loader.js:1085:14)","trace":[{"column":24,"file":"/home/smita/awesome-project/src/index.js","function":null,"line":27,"method":null,"native":false},{"column":14,"file":"internal/modules/cjs/loader.js","function":"Module._compile","line":1085,"method":"_compile","native":false},{"column":24,"file":"/home/smita/awesome-project/node_modules/pirates/lib/index.js","function":"Module._compile","line":136,"method":"_compile","native":false},{"column":10,"file":"internal/modules/cjs/loader.js","function":"Module._extensions..js","line":1114,"method":".js","native":false},{"column":7,"file":"/home/smita/awesome-project/node_modules/pirates/lib/index.js","function":"Object.newLoader [as .js]","line":141,"method":"js]","native":false},{"column":32,"file":"internal/modules/cjs/loader.js","function":"Module.load","line":950,"method":"load","native":false},{"column":14,"file":"internal/modules/cjs/loader.js","function":"Module._load","line":790,"method":"_load","native":false},{"column":12,"file":"internal/modules/run_main.js","function":"Function.executeUserEntryPoint [as runMain]","line":76,"method":"executeUserEntryPoint [as runMain]","native":false},{"column":21,"file":"/home/smita/awesome-project/node_modules/@babel/node/lib/_babel-node.js","function":null,"line":176,"method":null,"native":false},{"column":14,"file":"internal/modules/cjs/loader.js","function":"Module._compile","line":1085,"method":"_compile","native":false}]}
error: uncaughtException: __uploads is not defined
ReferenceError: __uploads is not defined
    at Object.<anonymous> (/home/smita/awesome-project/src/index.js:27:24)
    at Module._compile (internal/modules/cjs/loader.js:1085:14)
    at Module._compile (/home/smita/awesome-project/node_modules/pirates/lib/index.js:136:24)
    at Module._extensions..js (internal/modules/cjs/loader.js:1114:10)
    at Object.newLoader [as .js] (/home/smita/awesome-project/node_modules/pirates/lib/index.js:141:7)
    at Module.load (internal/modules/cjs/loader.js:950:32)
    at Function.Module._load (internal/modules/cjs/loader.js:790:14)
    at Function.executeUserEntryPoint [as runMain] (internal/modules/run_main.js:76:12)
    at Object.<anonymous> (/home/smita/awesome-project/node_modules/@babel/node/lib/_babel-node.js:176:21)
    at Module._compile (internal/modules/cjs/loader.js:1085:14) {"date":"Tue Feb 01 2022 15:55:39 GMT+0530 (India Standard Time)","error":{},"exception":true,"os":{"loadavg":[2.77,2.89,2.74],"uptime":28753.8},"process":{"argv":["node","/home/smita/awesome-project/src/index.js"],"cwd":"/home/smita/awesome-project","execPath":"/usr/bin/node","gid":1000,"memoryUsage":{"arrayBuffers":19241474,"external":21395520,"heapTotal":84541440,"heapUsed":50431336,"rss":130084864},"pid":18163,"uid":1000,"version":"v14.17.2"},"stack":"ReferenceError: __uploads is not defined\n    at Object.<anonymous> (/home/smita/awesome-project/src/index.js:27:24)\n    at Module._compile (internal/modules/cjs/loader.js:1085:14)\n    at Module._compile (/home/smita/awesome-project/node_modules/pirates/lib/index.js:136:24)\n    at Module._extensions..js (internal/modules/cjs/loader.js:1114:10)\n    at Object.newLoader [as .js] (/home/smita/awesome-project/node_modules/pirates/lib/index.js:141:7)\n    at Module.load (internal/modules/cjs/loader.js:950:32)\n    at Function.Module._load (internal/modules/cjs/loader.js:790:14)\n    at Function.executeUserEntryPoint [as runMain] (internal/modules/run_main.js:76:12)\n    at Object.<anonymous> (/home/smita/awesome-project/node_modules/@babel/node/lib/_babel-node.js:176:21)\n    at Module._compile (internal/modules/cjs/loader.js:1085:14)","trace":[{"column":24,"file":"/home/smita/awesome-project/src/index.js","function":null,"line":27,"method":null,"native":false},{"column":14,"file":"internal/modules/cjs/loader.js","function":"Module._compile","line":1085,"method":"_compile","native":false},{"column":24,"file":"/home/smita/awesome-project/node_modules/pirates/lib/index.js","function":"Module._compile","line":136,"method":"_compile","native":false},{"column":10,"file":"internal/modules/cjs/loader.js","function":"Module._extensions..js","line":1114,"method":".js","native":false},{"column":7,"file":"/home/smita/awesome-project/node_modules/pirates/lib/index.js","function":"Object.newLoader [as .js]","line":141,"method":"js]","native":false},{"column":32,"file":"internal/modules/cjs/loader.js","function":"Module.load","line":950,"method":"load","native":false},{"column":14,"file":"internal/modules/cjs/loader.js","function":"Module._load","line":790,"method":"_load","native":false},{"column":12,"file":"internal/modules/run_main.js","function":"Function.executeUserEntryPoint [as runMain]","line":76,"method":"executeUserEntryPoint [as runMain]","native":false},{"column":21,"file":"/home/smita/awesome-project/node_modules/@babel/node/lib/_babel-node.js","function":null,"line":176,"method":null,"native":false},{"column":14,"file":"internal/modules/cjs/loader.js","function":"Module._compile","line":1085,"method":"_compile","native":false}]}
error: uncaughtException: __uploads is not defined
ReferenceError: __uploads is not defined
    at Object.<anonymous> (/home/smita/awesome-project/src/index.js:27:24)
    at Module._compile (internal/modules/cjs/loader.js:1085:14)
    at Module._compile (/home/smita/awesome-project/node_modules/pirates/lib/index.js:136:24)
    at Module._extensions..js (internal/modules/cjs/loader.js:1114:10)
    at Object.newLoader [as .js] (/home/smita/awesome-project/node_modules/pirates/lib/index.js:141:7)
    at Module.load (internal/modules/cjs/loader.js:950:32)
    at Function.Module._load (internal/modules/cjs/loader.js:790:14)
    at Function.executeUserEntryPoint [as runMain] (internal/modules/run_main.js:76:12)
    at Object.<anonymous> (/home/smita/awesome-project/node_modules/@babel/node/lib/_babel-node.js:176:21)
    at Module._compile (internal/modules/cjs/loader.js:1085:14) {"date":"Tue Feb 01 2022 15:57:05 GMT+0530 (India Standard Time)","error":{},"exception":true,"os":{"loadavg":[4.16,3.16,2.84],"uptime":28839.06},"process":{"argv":["node","/home/smita/awesome-project/src/index.js"],"cwd":"/home/smita/awesome-project","execPath":"/usr/bin/node","gid":1000,"memoryUsage":{"arrayBuffers":19494245,"external":21648291,"heapTotal":80089088,"heapUsed":53467080,"rss":128741376},"pid":18237,"uid":1000,"version":"v14.17.2"},"stack":"ReferenceError: __uploads is not defined\n    at Object.<anonymous> (/home/smita/awesome-project/src/index.js:27:24)\n    at Module._compile (internal/modules/cjs/loader.js:1085:14)\n    at Module._compile (/home/smita/awesome-project/node_modules/pirates/lib/index.js:136:24)\n    at Module._extensions..js (internal/modules/cjs/loader.js:1114:10)\n    at Object.newLoader [as .js] (/home/smita/awesome-project/node_modules/pirates/lib/index.js:141:7)\n    at Module.load (internal/modules/cjs/loader.js:950:32)\n    at Function.Module._load (internal/modules/cjs/loader.js:790:14)\n    at Function.executeUserEntryPoint [as runMain] (internal/modules/run_main.js:76:12)\n    at Object.<anonymous> (/home/smita/awesome-project/node_modules/@babel/node/lib/_babel-node.js:176:21)\n    at Module._compile (internal/modules/cjs/loader.js:1085:14)","trace":[{"column":24,"file":"/home/smita/awesome-project/src/index.js","function":null,"line":27,"method":null,"native":false},{"column":14,"file":"internal/modules/cjs/loader.js","function":"Module._compile","line":1085,"method":"_compile","native":false},{"column":24,"file":"/home/smita/awesome-project/node_modules/pirates/lib/index.js","function":"Module._compile","line":136,"method":"_compile","native":false},{"column":10,"file":"internal/modules/cjs/loader.js","function":"Module._extensions..js","line":1114,"method":".js","native":false},{"column":7,"file":"/home/smita/awesome-project/node_modules/pirates/lib/index.js","function":"Object.newLoader [as .js]","line":141,"method":"js]","native":false},{"column":32,"file":"internal/modules/cjs/loader.js","function":"Module.load","line":950,"method":"load","native":false},{"column":14,"file":"internal/modules/cjs/loader.js","function":"Module._load","line":790,"method":"_load","native":false},{"column":12,"file":"internal/modules/run_main.js","function":"Function.executeUserEntryPoint [as runMain]","line":76,"method":"executeUserEntryPoint [as runMain]","native":false},{"column":21,"file":"/home/smita/awesome-project/node_modules/@babel/node/lib/_babel-node.js","function":null,"line":176,"method":null,"native":false},{"column":14,"file":"internal/modules/cjs/loader.js","function":"Module._compile","line":1085,"method":"_compile","native":false}]}
error: uncaughtException: __uploads is not defined
ReferenceError: __uploads is not defined
    at Object.<anonymous> (/home/smita/awesome-project/src/index.js:27:24)
    at Module._compile (internal/modules/cjs/loader.js:1085:14)
    at Module._compile (/home/smita/awesome-project/node_modules/pirates/lib/index.js:136:24)
    at Module._extensions..js (internal/modules/cjs/loader.js:1114:10)
    at Object.newLoader [as .js] (/home/smita/awesome-project/node_modules/pirates/lib/index.js:141:7)
    at Module.load (internal/modules/cjs/loader.js:950:32)
    at Function.Module._load (internal/modules/cjs/loader.js:790:14)
    at Function.executeUserEntryPoint [as runMain] (internal/modules/run_main.js:76:12)
    at Object.<anonymous> (/home/smita/awesome-project/node_modules/@babel/node/lib/_babel-node.js:176:21)
    at Module._compile (internal/modules/cjs/loader.js:1085:14) {"date":"Tue Feb 01 2022 15:59:33 GMT+0530 (India Standard Time)","error":{},"exception":true,"os":{"loadavg":[5.95,4.76,3.52],"uptime":28987.96},"process":{"argv":["node","/home/smita/awesome-project/src/index.js"],"cwd":"/home/smita/awesome-project","execPath":"/usr/bin/node","gid":1000,"memoryUsage":{"arrayBuffers":18842915,"external":20996961,"heapTotal":78254080,"heapUsed":47979704,"rss":126640128},"pid":18342,"uid":1000,"version":"v14.17.2"},"stack":"ReferenceError: __uploads is not defined\n    at Object.<anonymous> (/home/smita/awesome-project/src/index.js:27:24)\n    at Module._compile (internal/modules/cjs/loader.js:1085:14)\n    at Module._compile (/home/smita/awesome-project/node_modules/pirates/lib/index.js:136:24)\n    at Module._extensions..js (internal/modules/cjs/loader.js:1114:10)\n    at Object.newLoader [as .js] (/home/smita/awesome-project/node_modules/pirates/lib/index.js:141:7)\n    at Module.load (internal/modules/cjs/loader.js:950:32)\n    at Function.Module._load (internal/modules/cjs/loader.js:790:14)\n    at Function.executeUserEntryPoint [as runMain] (internal/modules/run_main.js:76:12)\n    at Object.<anonymous> (/home/smita/awesome-project/node_modules/@babel/node/lib/_babel-node.js:176:21)\n    at Module._compile (internal/modules/cjs/loader.js:1085:14)","trace":[{"column":24,"file":"/home/smita/awesome-project/src/index.js","function":null,"line":27,"method":null,"native":false},{"column":14,"file":"internal/modules/cjs/loader.js","function":"Module._compile","line":1085,"method":"_compile","native":false},{"column":24,"file":"/home/smita/awesome-project/node_modules/pirates/lib/index.js","function":"Module._compile","line":136,"method":"_compile","native":false},{"column":10,"file":"internal/modules/cjs/loader.js","function":"Module._extensions..js","line":1114,"method":".js","native":false},{"column":7,"file":"/home/smita/awesome-project/node_modules/pirates/lib/index.js","function":"Object.newLoader [as .js]","line":141,"method":"js]","native":false},{"column":32,"file":"internal/modules/cjs/loader.js","function":"Module.load","line":950,"method":"load","native":false},{"column":14,"file":"internal/modules/cjs/loader.js","function":"Module._load","line":790,"method":"_load","native":false},{"column":12,"file":"internal/modules/run_main.js","function":"Function.executeUserEntryPoint [as runMain]","line":76,"method":"executeUserEntryPoint [as runMain]","native":false},{"column":21,"file":"/home/smita/awesome-project/node_modules/@babel/node/lib/_babel-node.js","function":null,"line":176,"method":null,"native":false},{"column":14,"file":"internal/modules/cjs/loader.js","function":"Module._compile","line":1085,"method":"_compile","native":false}]}
error: uncaughtException: path is not defined
ReferenceError: path is not defined
    at DiskStorage.destination [as getDestination] (/home/smita/awesome-project/src/routes/user.route.js:12:18)
    at DiskStorage._handleFile (/home/smita/awesome-project/node_modules/multer/storage/disk.js:31:8)
    at /home/smita/awesome-project/node_modules/multer/lib/make-middleware.js:145:17
    at allowAll (/home/smita/awesome-project/node_modules/multer/index.js:8:3)
    at wrappedFileFilter (/home/smita/awesome-project/node_modules/multer/index.js:44:7)
    at Busboy.<anonymous> (/home/smita/awesome-project/node_modules/multer/lib/make-middleware.js:115:7)
    at Busboy.emit (events.js:375:28)
    at Busboy.emit (domain.js:470:12)
    at Busboy.emit (/home/smita/awesome-project/node_modules/busboy/lib/main.js:38:33)
    at PartStream.<anonymous> (/home/smita/awesome-project/node_modules/busboy/lib/types/multipart.js:213:13) {"date":"Tue Feb 01 2022 16:00:35 GMT+0530 (India Standard Time)","error":{},"exception":true,"os":{"loadavg":[3.9,4.39,3.47],"uptime":29049.72},"process":{"argv":["node","/home/smita/awesome-project/src/index.js"],"cwd":"/home/smita/awesome-project","execPath":"/usr/bin/node","gid":1000,"memoryUsage":{"arrayBuffers":19374425,"external":21547071,"heapTotal":83496960,"heapUsed":52332840,"rss":131620864},"pid":18461,"uid":1000,"version":"v14.17.2"},"stack":"ReferenceError: path is not defined\n    at DiskStorage.destination [as getDestination] (/home/smita/awesome-project/src/routes/user.route.js:12:18)\n    at DiskStorage._handleFile (/home/smita/awesome-project/node_modules/multer/storage/disk.js:31:8)\n    at /home/smita/awesome-project/node_modules/multer/lib/make-middleware.js:145:17\n    at allowAll (/home/smita/awesome-project/node_modules/multer/index.js:8:3)\n    at wrappedFileFilter (/home/smita/awesome-project/node_modules/multer/index.js:44:7)\n    at Busboy.<anonymous> (/home/smita/awesome-project/node_modules/multer/lib/make-middleware.js:115:7)\n    at Busboy.emit (events.js:375:28)\n    at Busboy.emit (domain.js:470:12)\n    at Busboy.emit (/home/smita/awesome-project/node_modules/busboy/lib/main.js:38:33)\n    at PartStream.<anonymous> (/home/smita/awesome-project/node_modules/busboy/lib/types/multipart.js:213:13)","trace":[{"column":18,"file":"/home/smita/awesome-project/src/routes/user.route.js","function":"DiskStorage.destination [as getDestination]","line":12,"method":"destination [as getDestination]","native":false},{"column":8,"file":"/home/smita/awesome-project/node_modules/multer/storage/disk.js","function":"DiskStorage._handleFile","line":31,"method":"_handleFile","native":false},{"column":17,"file":"/home/smita/awesome-project/node_modules/multer/lib/make-middleware.js","function":null,"line":145,"method":null,"native":false},{"column":3,"file":"/home/smita/awesome-project/node_modules/multer/index.js","function":"allowAll","line":8,"method":null,"native":false},{"column":7,"file":"/home/smita/awesome-project/node_modules/multer/index.js","function":"wrappedFileFilter","line":44,"method":null,"native":false},{"column":7,"file":"/home/smita/awesome-project/node_modules/multer/lib/make-middleware.js","function":null,"line":115,"method":null,"native":false},{"column":28,"file":"events.js","function":"Busboy.emit","line":375,"method":"emit","native":false},{"column":12,"file":"domain.js","function":"Busboy.emit","line":470,"method":"emit","native":false},{"column":33,"file":"/home/smita/awesome-project/node_modules/busboy/lib/main.js","function":"Busboy.emit","line":38,"method":"emit","native":false},{"column":13,"file":"/home/smita/awesome-project/node_modules/busboy/lib/types/multipart.js","function":null,"line":213,"method":null,"native":false}]}
info: ::1 - - [01/Feb/2022:10:30:35 +0000] "POST /api/v1/users?name=adhira&image HTTP/1.1" - - "-" "PostmanRuntime/7.28.4"

info: ::1 - - [01/Feb/2022:10:31:59 +0000] "POST /api/v1/users?name=adhira&image HTTP/1.1" 500 153 "-" "PostmanRuntime/7.28.4"

info: ::1 - - [01/Feb/2022:10:32:23 +0000] "POST /api/v1/users?name=adhira&image HTTP/1.1" 201 312 "-" "PostmanRuntime/7.28.4"

info: ::1 - - [01/Feb/2022:10:34:19 +0000] "POST /api/v1/users?name=adhira&image HTTP/1.1" 201 312 "-" "PostmanRuntime/7.28.4"

info: ::1 - - [01/Feb/2022:10:35:41 +0000] "POST /api/v1/users?name=adhira&image HTTP/1.1" 500 156 "-" "PostmanRuntime/7.28.4"

info: ::1 - - [01/Feb/2022:11:31:08 +0000] "GET /favicon.ico HTTP/1.1" 404 47 "-" "Mozilla/5.0 (X11; Linux x86_64) AppleWebKit/537.36 (KHTML, like Gecko) Chrome/92.0.4515.107 Safari/537.36"

error: uncaughtException: Object prototype may only be an Object or null: ../uploads
TypeError: Object prototype may only be an Object or null: ../uploads
    at Function.create (<anonymous>)
    at Function.express [as static] (/home/smita/awesome-project/node_modules/serve-static/index.js:48:21)
    at Object.<anonymous> (/home/smita/awesome-project/src/index.js:26:9)
    at Module._compile (internal/modules/cjs/loader.js:1085:14)
    at Module._compile (/home/smita/awesome-project/node_modules/pirates/lib/index.js:136:24)
    at Module._extensions..js (internal/modules/cjs/loader.js:1114:10)
    at Object.newLoader [as .js] (/home/smita/awesome-project/node_modules/pirates/lib/index.js:141:7)
    at Module.load (internal/modules/cjs/loader.js:950:32)
    at Function.Module._load (internal/modules/cjs/loader.js:790:14)
    at Function.executeUserEntryPoint [as runMain] (internal/modules/run_main.js:76:12) {"date":"Tue Feb 01 2022 17:05:40 GMT+0530 (India Standard Time)","error":{},"exception":true,"os":{"loadavg":[3.68,5.05,6.2],"uptime":1330.44},"process":{"argv":["node","/home/smita/awesome-project/src/index.js"],"cwd":"/home/smita/awesome-project","execPath":"/usr/bin/node","gid":1000,"memoryUsage":{"arrayBuffers":18664157,"external":20818203,"heapTotal":77991936,"heapUsed":46583816,"rss":126980096},"pid":5328,"uid":1000,"version":"v14.17.2"},"stack":"TypeError: Object prototype may only be an Object or null: ../uploads\n    at Function.create (<anonymous>)\n    at Function.express [as static] (/home/smita/awesome-project/node_modules/serve-static/index.js:48:21)\n    at Object.<anonymous> (/home/smita/awesome-project/src/index.js:26:9)\n    at Module._compile (internal/modules/cjs/loader.js:1085:14)\n    at Module._compile (/home/smita/awesome-project/node_modules/pirates/lib/index.js:136:24)\n    at Module._extensions..js (internal/modules/cjs/loader.js:1114:10)\n    at Object.newLoader [as .js] (/home/smita/awesome-project/node_modules/pirates/lib/index.js:141:7)\n    at Module.load (internal/modules/cjs/loader.js:950:32)\n    at Function.Module._load (internal/modules/cjs/loader.js:790:14)\n    at Function.executeUserEntryPoint [as runMain] (internal/modules/run_main.js:76:12)","trace":[{"column":null,"file":null,"function":"Function.create","line":null,"method":"create","native":false},{"column":21,"file":"/home/smita/awesome-project/node_modules/serve-static/index.js","function":"Function.express [as static]","line":48,"method":"express [as static]","native":false},{"column":9,"file":"/home/smita/awesome-project/src/index.js","function":null,"line":26,"method":null,"native":false},{"column":14,"file":"internal/modules/cjs/loader.js","function":"Module._compile","line":1085,"method":"_compile","native":false},{"column":24,"file":"/home/smita/awesome-project/node_modules/pirates/lib/index.js","function":"Module._compile","line":136,"method":"_compile","native":false},{"column":10,"file":"internal/modules/cjs/loader.js","function":"Module._extensions..js","line":1114,"method":".js","native":false},{"column":7,"file":"/home/smita/awesome-project/node_modules/pirates/lib/index.js","function":"Object.newLoader [as .js]","line":141,"method":"js]","native":false},{"column":32,"file":"internal/modules/cjs/loader.js","function":"Module.load","line":950,"method":"load","native":false},{"column":14,"file":"internal/modules/cjs/loader.js","function":"Module._load","line":790,"method":"_load","native":false},{"column":12,"file":"internal/modules/run_main.js","function":"Function.executeUserEntryPoint [as runMain]","line":76,"method":"executeUserEntryPoint [as runMain]","native":false}]}
error: uncaughtException: Object prototype may only be an Object or null: ../uploads
TypeError: Object prototype may only be an Object or null: ../uploads
    at Function.create (<anonymous>)
    at Function.express [as static] (/home/smita/awesome-project/node_modules/serve-static/index.js:48:21)
    at Object.<anonymous> (/home/smita/awesome-project/src/index.js:26:9)
    at Module._compile (internal/modules/cjs/loader.js:1085:14)
    at Module._compile (/home/smita/awesome-project/node_modules/pirates/lib/index.js:136:24)
    at Module._extensions..js (internal/modules/cjs/loader.js:1114:10)
    at Object.newLoader [as .js] (/home/smita/awesome-project/node_modules/pirates/lib/index.js:141:7)
    at Module.load (internal/modules/cjs/loader.js:950:32)
    at Function.Module._load (internal/modules/cjs/loader.js:790:14)
    at Function.executeUserEntryPoint [as runMain] (internal/modules/run_main.js:76:12) {"date":"Tue Feb 01 2022 17:06:12 GMT+0530 (India Standard Time)","error":{},"exception":true,"os":{"loadavg":[3.27,4.78,6.06],"uptime":1362.12},"process":{"argv":["node","/home/smita/awesome-project/src/index.js"],"cwd":"/home/smita/awesome-project","execPath":"/usr/bin/node","gid":1000,"memoryUsage":{"arrayBuffers":18417855,"external":20571901,"heapTotal":80351232,"heapUsed":44483408,"rss":129454080},"pid":5372,"uid":1000,"version":"v14.17.2"},"stack":"TypeError: Object prototype may only be an Object or null: ../uploads\n    at Function.create (<anonymous>)\n    at Function.express [as static] (/home/smita/awesome-project/node_modules/serve-static/index.js:48:21)\n    at Object.<anonymous> (/home/smita/awesome-project/src/index.js:26:9)\n    at Module._compile (internal/modules/cjs/loader.js:1085:14)\n    at Module._compile (/home/smita/awesome-project/node_modules/pirates/lib/index.js:136:24)\n    at Module._extensions..js (internal/modules/cjs/loader.js:1114:10)\n    at Object.newLoader [as .js] (/home/smita/awesome-project/node_modules/pirates/lib/index.js:141:7)\n    at Module.load (internal/modules/cjs/loader.js:950:32)\n    at Function.Module._load (internal/modules/cjs/loader.js:790:14)\n    at Function.executeUserEntryPoint [as runMain] (internal/modules/run_main.js:76:12)","trace":[{"column":null,"file":null,"function":"Function.create","line":null,"method":"create","native":false},{"column":21,"file":"/home/smita/awesome-project/node_modules/serve-static/index.js","function":"Function.express [as static]","line":48,"method":"express [as static]","native":false},{"column":9,"file":"/home/smita/awesome-project/src/index.js","function":null,"line":26,"method":null,"native":false},{"column":14,"file":"internal/modules/cjs/loader.js","function":"Module._compile","line":1085,"method":"_compile","native":false},{"column":24,"file":"/home/smita/awesome-project/node_modules/pirates/lib/index.js","function":"Module._compile","line":136,"method":"_compile","native":false},{"column":10,"file":"internal/modules/cjs/loader.js","function":"Module._extensions..js","line":1114,"method":".js","native":false},{"column":7,"file":"/home/smita/awesome-project/node_modules/pirates/lib/index.js","function":"Object.newLoader [as .js]","line":141,"method":"js]","native":false},{"column":32,"file":"internal/modules/cjs/loader.js","function":"Module.load","line":950,"method":"load","native":false},{"column":14,"file":"internal/modules/cjs/loader.js","function":"Module._load","line":790,"method":"_load","native":false},{"column":12,"file":"internal/modules/run_main.js","function":"Function.executeUserEntryPoint [as runMain]","line":76,"method":"executeUserEntryPoint [as runMain]","native":false}]}
info: ::1 - - [02/Feb/2022:11:20:04 +0000] "POST /api/v1/users HTTP/1.1" 201 284 "-" "PostmanRuntime/7.28.4"

info: ::1 - - [02/Feb/2022:11:20:58 +0000] "POST /api/v1/users HTTP/1.1" 201 284 "-" "PostmanRuntime/7.28.4"

info: ::1 - - [02/Feb/2022:11:22:50 +0000] "POST /api/v1/users HTTP/1.1" 201 284 "-" "PostmanRuntime/7.28.4"

info: ::1 - - [02/Feb/2022:11:23:39 +0000] "POST /api/v1/users HTTP/1.1" 201 279 "-" "PostmanRuntime/7.28.4"

info: ::1 - - [02/Feb/2022:11:25:33 +0000] "POST /api/v1/users HTTP/1.1" 201 279 "-" "PostmanRuntime/7.28.4"

info: ::1 - - [02/Feb/2022:11:27:04 +0000] "POST /api/v1/users HTTP/1.1" 201 279 "-" "PostmanRuntime/7.28.4"

info: ::1 - - [03/Feb/2022:03:39:28 +0000] "POST /api/v1/users HTTP/1.1" 500 148 "-" "PostmanRuntime/7.28.4"

info: ::1 - - [03/Feb/2022:03:41:17 +0000] "POST /api/v1/users HTTP/1.1" 500 148 "-" "PostmanRuntime/7.28.4"

info: ::1 - - [03/Feb/2022:03:42:07 +0000] "POST /api/v1/users HTTP/1.1" 500 148 "-" "PostmanRuntime/7.28.4"

info: ::1 - - [03/Feb/2022:03:42:33 +0000] "POST /api/v1/users HTTP/1.1" 500 148 "-" "PostmanRuntime/7.28.4"

info: ::1 - - [03/Feb/2022:03:42:54 +0000] "POST /api/v1/users HTTP/1.1" 500 148 "-" "PostmanRuntime/7.28.4"

info: ::1 - - [03/Feb/2022:03:43:32 +0000] "POST /api/v1/users HTTP/1.1" 500 148 "-" "PostmanRuntime/7.28.4"

info: ::1 - - [03/Feb/2022:03:44:13 +0000] "POST /api/v1/users HTTP/1.1" 201 276 "-" "PostmanRuntime/7.28.4"

info: ::ffff:127.0.0.1 - - [19/Aug/2022:04:07:09 +0000] "POST /api/v1/user HTTP/1.1" 404 47 "-" "Thunder Client (https://www.thunderclient.com)"

info: ::ffff:127.0.0.1 - - [19/Aug/2022:04:07:35 +0000] "POST /api/v1/users HTTP/1.1" 201 248 "-" "Thunder Client (https://www.thunderclient.com)"

info: ::1 - - [19/Aug/2022:04:10:21 +0000] "GET /static/js/bundle.js HTTP/1.1" 404 47 "http://localhost:3000/header" "Mozilla/5.0 (X11; Linux x86_64) AppleWebKit/537.36 (KHTML, like Gecko) Chrome/104.0.0.0 Safari/537.36"

info: ::ffff:127.0.0.1 - - [05/Nov/2022:06:36:12 +0000] "POST /api/v1/users HTTP/1.1" 201 240 "-" "Thunder Client (https://www.thunderclient.com)"

error: uncaughtException: EIO: i/o error, write
Error: EIO: i/o error, write
    at writeSync (fs.js:736:3)
    at SyncWriteStream._write (internal/fs/sync_write_stream.js:24:3)
    at writeOrBuffer (internal/streams/writable.js:358:12)
    at SyncWriteStream.Writable.write (internal/streams/writable.js:303:10)
    at Console.log (/home/smita/ImageUpload/node_modules/winston/lib/winston/transports/console.js:79:23)
    at Console._write (/home/smita/ImageUpload/node_modules/winston-transport/index.js:82:19)
    at doWrite (/home/smita/ImageUpload/node_modules/winston-transport/node_modules/readable-stream/lib/_stream_writable.js:409:139)
    at writeOrBuffer (/home/smita/ImageUpload/node_modules/winston-transport/node_modules/readable-stream/lib/_stream_writable.js:398:5)
    at Console.Writable.write (/home/smita/ImageUpload/node_modules/winston-transport/node_modules/readable-stream/lib/_stream_writable.js:307:11)
    at DerivedLogger.ondata (/home/smita/ImageUpload/node_modules/winston/node_modules/readable-stream/lib/_stream_readable.js:681:20) {"date":"Sat Nov 05 2022 16:25:37 GMT+0530 (India Standard Time)","error":{"code":"EIO","errno":-5,"syscall":"write"},"exception":true,"os":{"loadavg":[4.58,2.55,2],"uptime":448576.86},"process":{"argv":["node","/home/smita/ImageUpload/src/index.js"],"cwd":"/home/smita/ImageUpload","execPath":"/usr/bin/node","gid":1000,"memoryUsage":{"arrayBuffers":19001193,"external":21240074,"heapTotal":77238272,"heapUsed":49310600,"rss":125325312},"pid":54800,"uid":1000,"version":"v14.19.1"},"stack":"Error: EIO: i/o error, write\n    at writeSync (fs.js:736:3)\n    at SyncWriteStream._write (internal/fs/sync_write_stream.js:24:3)\n    at writeOrBuffer (internal/streams/writable.js:358:12)\n    at SyncWriteStream.Writable.write (internal/streams/writable.js:303:10)\n    at Console.log (/home/smita/ImageUpload/node_modules/winston/lib/winston/transports/console.js:79:23)\n    at Console._write (/home/smita/ImageUpload/node_modules/winston-transport/index.js:82:19)\n    at doWrite (/home/smita/ImageUpload/node_modules/winston-transport/node_modules/readable-stream/lib/_stream_writable.js:409:139)\n    at writeOrBuffer (/home/smita/ImageUpload/node_modules/winston-transport/node_modules/readable-stream/lib/_stream_writable.js:398:5)\n    at Console.Writable.write (/home/smita/ImageUpload/node_modules/winston-transport/node_modules/readable-stream/lib/_stream_writable.js:307:11)\n    at DerivedLogger.ondata (/home/smita/ImageUpload/node_modules/winston/node_modules/readable-stream/lib/_stream_readable.js:681:20)","trace":[{"column":3,"file":"fs.js","function":"writeSync","line":736,"method":null,"native":false},{"column":3,"file":"internal/fs/sync_write_stream.js","function":"SyncWriteStream._write","line":24,"method":"_write","native":false},{"column":12,"file":"internal/streams/writable.js","function":"writeOrBuffer","line":358,"method":null,"native":false},{"column":10,"file":"internal/streams/writable.js","function":"SyncWriteStream.Writable.write","line":303,"method":"write","native":false},{"column":23,"file":"/home/smita/ImageUpload/node_modules/winston/lib/winston/transports/console.js","function":"Console.log","line":79,"method":"log","native":false},{"column":19,"file":"/home/smita/ImageUpload/node_modules/winston-transport/index.js","function":"Console._write","line":82,"method":"_write","native":false},{"column":139,"file":"/home/smita/ImageUpload/node_modules/winston-transport/node_modules/readable-stream/lib/_stream_writable.js","function":"doWrite","line":409,"method":null,"native":false},{"column":5,"file":"/home/smita/ImageUpload/node_modules/winston-transport/node_modules/readable-stream/lib/_stream_writable.js","function":"writeOrBuffer","line":398,"method":null,"native":false},{"column":11,"file":"/home/smita/ImageUpload/node_modules/winston-transport/node_modules/readable-stream/lib/_stream_writable.js","function":"Console.Writable.write","line":307,"method":"write","native":false},{"column":20,"file":"/home/smita/ImageUpload/node_modules/winston/node_modules/readable-stream/lib/_stream_readable.js","function":"DerivedLogger.ondata","line":681,"method":"ondata","native":false}]}
